GAS LISTING /tmp/ccEMHKO7.s 			page 1


   1              		.file	"spinlock.c"
   2              		.option nopic
   3              		.option norelax
   4              		.text
   5              	.Ltext0:
   6              		.cfi_sections	.debug_frame
   7              		.align	2
   8              		.globl	slacquire
  10              	slacquire:
  11              	.LFB0:
  12              		.file 1 "src/spinlock.c"
   1:src/spinlock.c **** #include "../h/kernel.h"
   2:src/spinlock.c **** 
   3:src/spinlock.c **** void slacquire(spinlock *lk) {
  13              		.loc 1 3 30
  14              		.cfi_startproc
  15              	.LVL0:
  16 0000 130101FF 		addi	sp,sp,-16
  17              		.cfi_def_cfa_offset 16
  18 0004 23348100 		sd	s0,8(sp)
  19              		.cfi_offset 8, -8
  20 0008 13040101 		addi	s0,sp,16
  21              		.cfi_def_cfa 8, 0
  22              	.L2:
   4:src/spinlock.c ****     while(__sync_lock_test_and_set(lk, 1) != 0);
  23              		.loc 1 4 48 discriminator 1
  24              		.loc 1 4 10 discriminator 1
  25              		.loc 1 4 11 is_stmt 0 discriminator 1
  26 000c 93071000 		li	a5,1
  27 0010 AF27F50C 		amoswap.w.aq a5,a5,0(a0)
  28 0014 9B870700 		sext.w	a5,a5
  29              		.loc 1 4 10 discriminator 1
  30 0018 E39A07FE 		bnez	a5,.L2
   5:src/spinlock.c ****     __sync_synchronize();
  31              		.loc 1 5 5 is_stmt 1
  32 001c 0F00F00F 		fence	iorw,iorw
   6:src/spinlock.c **** }
  33              		.loc 1 6 1 is_stmt 0
  34 0020 03348100 		ld	s0,8(sp)
  35              		.cfi_restore 8
  36              		.cfi_def_cfa 2, 16
  37 0024 13010101 		addi	sp,sp,16
  38              		.cfi_def_cfa_offset 0
  39 0028 67800000 		jr	ra
  40              		.cfi_endproc
  41              	.LFE0:
  43              		.align	2
  44              		.globl	slrelease
  46              	slrelease:
  47              	.LFB1:
   7:src/spinlock.c **** 
   8:src/spinlock.c **** void slrelease(spinlock *lk) {
  48              		.loc 1 8 30 is_stmt 1
  49              		.cfi_startproc
  50              	.LVL1:
  51 002c 130101FF 		addi	sp,sp,-16
  52              		.cfi_def_cfa_offset 16
GAS LISTING /tmp/ccEMHKO7.s 			page 2


  53 0030 23348100 		sd	s0,8(sp)
  54              		.cfi_offset 8, -8
  55 0034 13040101 		addi	s0,sp,16
  56              		.cfi_def_cfa 8, 0
   9:src/spinlock.c ****     __sync_synchronize();
  57              		.loc 1 9 5
  58 0038 0F00F00F 		fence	iorw,iorw
  10:src/spinlock.c ****     __sync_lock_release(lk);
  59              		.loc 1 10 5
  60 003c 0F00500F 		fence iorw,ow; amoswap.w zero,zero,0(a0)
  60      2F200508 
  11:src/spinlock.c **** }
  61              		.loc 1 11 1 is_stmt 0
  62 0044 03348100 		ld	s0,8(sp)
  63              		.cfi_restore 8
  64              		.cfi_def_cfa 2, 16
  65 0048 13010101 		addi	sp,sp,16
  66              		.cfi_def_cfa_offset 0
  67 004c 67800000 		jr	ra
  68              		.cfi_endproc
  69              	.LFE1:
  71              	.Letext0:
  72              		.file 2 "src/../h/../lib/hw.h"
  73              		.file 3 "src/../h/kernel.h"
GAS LISTING /tmp/ccEMHKO7.s 			page 3


DEFINED SYMBOLS
                            *ABS*:0000000000000000 spinlock.c
     /tmp/ccEMHKO7.s:10     .text:0000000000000000 slacquire
     /tmp/ccEMHKO7.s:14     .text:0000000000000000 .L0 
     /tmp/ccEMHKO7.s:16     .text:0000000000000000 .L0 
     /tmp/ccEMHKO7.s:17     .text:0000000000000004 .L0 
     /tmp/ccEMHKO7.s:19     .text:0000000000000008 .L0 
     /tmp/ccEMHKO7.s:21     .text:000000000000000c .L0 
     /tmp/ccEMHKO7.s:24     .text:000000000000000c .L0 
     /tmp/ccEMHKO7.s:25     .text:000000000000000c .L0 
     /tmp/ccEMHKO7.s:26     .text:000000000000000c .L0 
     /tmp/ccEMHKO7.s:30     .text:0000000000000018 .L0 
     /tmp/ccEMHKO7.s:32     .text:000000000000001c .L0 
     /tmp/ccEMHKO7.s:34     .text:0000000000000020 .L0 
     /tmp/ccEMHKO7.s:35     .text:0000000000000024 .L0 
     /tmp/ccEMHKO7.s:36     .text:0000000000000024 .L0 
     /tmp/ccEMHKO7.s:38     .text:0000000000000028 .L0 
     /tmp/ccEMHKO7.s:40     .text:000000000000002c .L0 
     /tmp/ccEMHKO7.s:46     .text:000000000000002c slrelease
     /tmp/ccEMHKO7.s:49     .text:000000000000002c .L0 
     /tmp/ccEMHKO7.s:51     .text:000000000000002c .L0 
     /tmp/ccEMHKO7.s:52     .text:0000000000000030 .L0 
     /tmp/ccEMHKO7.s:54     .text:0000000000000034 .L0 
     /tmp/ccEMHKO7.s:56     .text:0000000000000038 .L0 
     /tmp/ccEMHKO7.s:58     .text:0000000000000038 .L0 
     /tmp/ccEMHKO7.s:60     .text:000000000000003c .L0 
     /tmp/ccEMHKO7.s:62     .text:0000000000000044 .L0 
     /tmp/ccEMHKO7.s:63     .text:0000000000000048 .L0 
     /tmp/ccEMHKO7.s:64     .text:0000000000000048 .L0 
     /tmp/ccEMHKO7.s:66     .text:000000000000004c .L0 
     /tmp/ccEMHKO7.s:68     .text:0000000000000050 .L0 
     /tmp/ccEMHKO7.s:74     .text:0000000000000050 .L0 
                     .debug_frame:0000000000000000 .L0 
     /tmp/ccEMHKO7.s:22     .text:000000000000000c .L2
     /tmp/ccEMHKO7.s:258    .debug_abbrev:0000000000000000 .Ldebug_abbrev0
     /tmp/ccEMHKO7.s:504    .debug_str:00000000000000e9 .LASF20
     /tmp/ccEMHKO7.s:516    .debug_str:00000000000001d4 .LASF21
     /tmp/ccEMHKO7.s:502    .debug_str:00000000000000be .LASF22
     /tmp/ccEMHKO7.s:5      .text:0000000000000000 .Ltext0
     /tmp/ccEMHKO7.s:71     .text:0000000000000050 .Letext0
     /tmp/ccEMHKO7.s:472    .debug_line:0000000000000000 .Ldebug_line0
     /tmp/ccEMHKO7.s:500    .debug_str:00000000000000b9 .LASF3
     /tmp/ccEMHKO7.s:506    .debug_str:0000000000000187 .LASF0
     /tmp/ccEMHKO7.s:494    .debug_str:0000000000000090 .LASF1
     /tmp/ccEMHKO7.s:490    .debug_str:0000000000000070 .LASF2
     /tmp/ccEMHKO7.s:480    .debug_str:0000000000000028 .LASF4
     /tmp/ccEMHKO7.s:492    .debug_str:000000000000007e .LASF5
     /tmp/ccEMHKO7.s:476    .debug_str:0000000000000013 .LASF6
     /tmp/ccEMHKO7.s:474    .debug_str:0000000000000000 .LASF7
     /tmp/ccEMHKO7.s:486    .debug_str:000000000000004e .LASF8
     /tmp/ccEMHKO7.s:508    .debug_str:0000000000000194 .LASF9
     /tmp/ccEMHKO7.s:478    .debug_str:000000000000001a .LASF10
     /tmp/ccEMHKO7.s:522    .debug_str:00000000000001fc .LASF11
     /tmp/ccEMHKO7.s:488    .debug_str:0000000000000061 .LASF12
     /tmp/ccEMHKO7.s:520    .debug_str:00000000000001ec .LASF13
     /tmp/ccEMHKO7.s:512    .debug_str:00000000000001ba .LASF14
     /tmp/ccEMHKO7.s:496    .debug_str:00000000000000a3 .LASF15
GAS LISTING /tmp/ccEMHKO7.s 			page 4


     /tmp/ccEMHKO7.s:484    .debug_str:0000000000000038 .LASF16
     /tmp/ccEMHKO7.s:510    .debug_str:00000000000001a4 .LASF17
     /tmp/ccEMHKO7.s:518    .debug_str:00000000000001e3 .LASF18
     /tmp/ccEMHKO7.s:482    .debug_str:000000000000002f .LASF19
     /tmp/ccEMHKO7.s:514    .debug_str:00000000000001ca .LASF23
     /tmp/ccEMHKO7.s:47     .text:000000000000002c .LFB1
     /tmp/ccEMHKO7.s:69     .text:0000000000000050 .LFE1
     /tmp/ccEMHKO7.s:498    .debug_str:00000000000000af .LASF24
     /tmp/ccEMHKO7.s:11     .text:0000000000000000 .LFB0
     /tmp/ccEMHKO7.s:41     .text:000000000000002c .LFE0
     /tmp/ccEMHKO7.s:75     .debug_info:0000000000000000 .Ldebug_info0

NO UNDEFINED SYMBOLS
